The system is: Darwin - 16.7.0 - x86_64
Compiling the C compiler identification source file "CMakeCCompilerId.c" succeeded.
Compiler: /Applications/Xcode.app/Contents/Developer/Toolchains/XcodeDefault.xctoolchain/usr/bin/cc 
Build flags: 
Id flags: 

The output was:
0


Compilation of the C compiler identification source "CMakeCCompilerId.c" produced "a.out"

The C compiler identification is AppleClang, found in "/Users/denysmelnychenko/Documents/C++/MOOP/atm/atm/lib/CMakeFiles/3.7.2/CompilerIdC/a.out"

Compiling the CXX compiler identification source file "CMakeCXXCompilerId.cpp" succeeded.
Compiler: /Applications/Xcode.app/Contents/Developer/Toolchains/XcodeDefault.xctoolchain/usr/bin/c++ 
Build flags: 
Id flags: 

The output was:
0


Compilation of the CXX compiler identification source "CMakeCXXCompilerId.cpp" produced "a.out"

The CXX compiler identification is AppleClang, found in "/Users/denysmelnychenko/Documents/C++/MOOP/atm/atm/lib/CMakeFiles/3.7.2/CompilerIdCXX/a.out"

Determining if the C compiler works passed with the following output:
Change Dir: /Users/denysmelnychenko/Documents/C++/MOOP/atm/atm/lib/CMakeFiles/CMakeTmp

Run Build Command:"/usr/bin/make" "cmTC_204f6/fast"
/Applications/Xcode.app/Contents/Developer/usr/bin/make -f CMakeFiles/cmTC_204f6.dir/build.make CMakeFiles/cmTC_204f6.dir/build
Building C object CMakeFiles/cmTC_204f6.dir/testCCompiler.c.o
/Applications/Xcode.app/Contents/Developer/Toolchains/XcodeDefault.xctoolchain/usr/bin/cc     -o CMakeFiles/cmTC_204f6.dir/testCCompiler.c.o   -c /Users/denysmelnychenko/Documents/C++/MOOP/atm/atm/lib/CMakeFiles/CMakeTmp/testCCompiler.c
Linking C executable cmTC_204f6
/opt/local/bin/cmake -E cmake_link_script CMakeFiles/cmTC_204f6.dir/link.txt --verbose=1
/Applications/Xcode.app/Contents/Developer/Toolchains/XcodeDefault.xctoolchain/usr/bin/cc    -Wl,-search_paths_first -Wl,-headerpad_max_install_names   CMakeFiles/cmTC_204f6.dir/testCCompiler.c.o  -o cmTC_204f6  


Detecting C compiler ABI info compiled with the following output:
Change Dir: /Users/denysmelnychenko/Documents/C++/MOOP/atm/atm/lib/CMakeFiles/CMakeTmp

Run Build Command:"/usr/bin/make" "cmTC_da6c3/fast"
/Applications/Xcode.app/Contents/Developer/usr/bin/make -f CMakeFiles/cmTC_da6c3.dir/build.make CMakeFiles/cmTC_da6c3.dir/build
Building C object CMakeFiles/cmTC_da6c3.dir/CMakeCCompilerABI.c.o
/Applications/Xcode.app/Contents/Developer/Toolchains/XcodeDefault.xctoolchain/usr/bin/cc     -o CMakeFiles/cmTC_da6c3.dir/CMakeCCompilerABI.c.o   -c /opt/local/share/cmake-3.7/Modules/CMakeCCompilerABI.c
Linking C executable cmTC_da6c3
/opt/local/bin/cmake -E cmake_link_script CMakeFiles/cmTC_da6c3.dir/link.txt --verbose=1
/Applications/Xcode.app/Contents/Developer/Toolchains/XcodeDefault.xctoolchain/usr/bin/cc    -Wl,-search_paths_first -Wl,-headerpad_max_install_names  -v -Wl,-v CMakeFiles/cmTC_da6c3.dir/CMakeCCompilerABI.c.o  -o cmTC_da6c3   
Apple LLVM version 9.0.0 (clang-900.0.38)
Target: x86_64-apple-darwin16.7.0
Thread model: posix
InstalledDir: /Applications/Xcode.app/Contents/Developer/Toolchains/XcodeDefault.xctoolchain/usr/bin
 "/Applications/Xcode.app/Contents/Developer/Toolchains/XcodeDefault.xctoolchain/usr/bin/ld" -demangle -lto_library /Applications/Xcode.app/Contents/Developer/Toolchains/XcodeDefault.xctoolchain/usr/lib/libLTO.dylib -dynamic -arch x86_64 -macosx_version_min 10.12.0 -o cmTC_da6c3 -search_paths_first -headerpad_max_install_names -v CMakeFiles/cmTC_da6c3.dir/CMakeCCompilerABI.c.o -lSystem /Applications/Xcode.app/Contents/Developer/Toolchains/XcodeDefault.xctoolchain/usr/lib/clang/9.0.0/lib/darwin/libclang_rt.osx.a
@(#)PROGRAM:ld  PROJECT:ld64-302.3
configured to support archs: armv6 armv7 armv7s arm64 i386 x86_64 x86_64h armv6m armv7k armv7m armv7em (tvOS)
Library search paths:
	/usr/lib
	/usr/local/lib
Framework search paths:
	/Library/Frameworks/
	/System/Library/Frameworks/


Parsed C implicit link information from above output:
  link line regex: [^( *|.*[/\])(ld|([^/\]+-)?ld|collect2)[^/\]*( |$)]
  ignore line: [Change Dir: /Users/denysmelnychenko/Documents/C++/MOOP/atm/atm/lib/CMakeFiles/CMakeTmp]
  ignore line: []
  ignore line: [Run Build Command:"/usr/bin/make" "cmTC_da6c3/fast"]
  ignore line: [/Applications/Xcode.app/Contents/Developer/usr/bin/make -f CMakeFiles/cmTC_da6c3.dir/build.make CMakeFiles/cmTC_da6c3.dir/build]
  ignore line: [Building C object CMakeFiles/cmTC_da6c3.dir/CMakeCCompilerABI.c.o]
  ignore line: [/Applications/Xcode.app/Contents/Developer/Toolchains/XcodeDefault.xctoolchain/usr/bin/cc     -o CMakeFiles/cmTC_da6c3.dir/CMakeCCompilerABI.c.o   -c /opt/local/share/cmake-3.7/Modules/CMakeCCompilerABI.c]
  ignore line: [Linking C executable cmTC_da6c3]
  ignore line: [/opt/local/bin/cmake -E cmake_link_script CMakeFiles/cmTC_da6c3.dir/link.txt --verbose=1]
  ignore line: [/Applications/Xcode.app/Contents/Developer/Toolchains/XcodeDefault.xctoolchain/usr/bin/cc    -Wl,-search_paths_first -Wl,-headerpad_max_install_names  -v -Wl,-v CMakeFiles/cmTC_da6c3.dir/CMakeCCompilerABI.c.o  -o cmTC_da6c3   ]
  ignore line: [Apple LLVM version 9.0.0 (clang-900.0.38)]
  ignore line: [Target: x86_64-apple-darwin16.7.0]
  ignore line: [Thread model: posix]
  ignore line: [InstalledDir: /Applications/Xcode.app/Contents/Developer/Toolchains/XcodeDefault.xctoolchain/usr/bin]
  link line: [ "/Applications/Xcode.app/Contents/Developer/Toolchains/XcodeDefault.xctoolchain/usr/bin/ld" -demangle -lto_library /Applications/Xcode.app/Contents/Developer/Toolchains/XcodeDefault.xctoolchain/usr/lib/libLTO.dylib -dynamic -arch x86_64 -macosx_version_min 10.12.0 -o cmTC_da6c3 -search_paths_first -headerpad_max_install_names -v CMakeFiles/cmTC_da6c3.dir/CMakeCCompilerABI.c.o -lSystem /Applications/Xcode.app/Contents/Developer/Toolchains/XcodeDefault.xctoolchain/usr/lib/clang/9.0.0/lib/darwin/libclang_rt.osx.a]
    arg [/Applications/Xcode.app/Contents/Developer/Toolchains/XcodeDefault.xctoolchain/usr/bin/ld] ==> ignore
    arg [-demangle] ==> ignore
    arg [-lto_library] ==> lib [to_library]
    arg [/Applications/Xcode.app/Contents/Developer/Toolchains/XcodeDefault.xctoolchain/usr/lib/libLTO.dylib] ==> ignore
    arg [-dynamic] ==> ignore
    arg [-arch] ==> ignore
    arg [x86_64] ==> ignore
    arg [-macosx_version_min] ==> ignore
    arg [10.12.0] ==> ignore
    arg [-o] ==> ignore
    arg [cmTC_da6c3] ==> ignore
    arg [-search_paths_first] ==> ignore
    arg [-headerpad_max_install_names] ==> ignore
    arg [-v] ==> ignore
    arg [CMakeFiles/cmTC_da6c3.dir/CMakeCCompilerABI.c.o] ==> ignore
    arg [-lSystem] ==> lib [System]
    arg [/Applications/Xcode.app/Contents/Developer/Toolchains/XcodeDefault.xctoolchain/usr/lib/clang/9.0.0/lib/darwin/libclang_rt.osx.a] ==> lib [/Applications/Xcode.app/Contents/Developer/Toolchains/XcodeDefault.xctoolchain/usr/lib/clang/9.0.0/lib/darwin/libclang_rt.osx.a]
  Library search paths: [;/usr/lib;/usr/local/lib]
  Framework search paths: [;/Library/Frameworks/;/System/Library/Frameworks/]
  remove lib [System]
  remove lib [/Applications/Xcode.app/Contents/Developer/Toolchains/XcodeDefault.xctoolchain/usr/lib/clang/9.0.0/lib/darwin/libclang_rt.osx.a]
  collapse library dir [/usr/lib] ==> [/usr/lib]
  collapse library dir [/usr/local/lib] ==> [/usr/local/lib]
  collapse framework dir [/Library/Frameworks/] ==> [/Library/Frameworks]
  collapse framework dir [/System/Library/Frameworks/] ==> [/System/Library/Frameworks]
  implicit libs: [to_library]
  implicit dirs: [/usr/lib;/usr/local/lib]
  implicit fwks: [/Library/Frameworks;/System/Library/Frameworks]




Detecting C [-std=c11] compiler features compiled with the following output:
Change Dir: /Users/denysmelnychenko/Documents/C++/MOOP/atm/atm/lib/CMakeFiles/CMakeTmp

Run Build Command:"/usr/bin/make" "cmTC_8da04/fast"
/Applications/Xcode.app/Contents/Developer/usr/bin/make -f CMakeFiles/cmTC_8da04.dir/build.make CMakeFiles/cmTC_8da04.dir/build
Building C object CMakeFiles/cmTC_8da04.dir/feature_tests.c.o
/Applications/Xcode.app/Contents/Developer/Toolchains/XcodeDefault.xctoolchain/usr/bin/cc    -std=c11 -o CMakeFiles/cmTC_8da04.dir/feature_tests.c.o   -c /Users/denysmelnychenko/Documents/C++/MOOP/atm/atm/lib/CMakeFiles/feature_tests.c
Linking C executable cmTC_8da04
/opt/local/bin/cmake -E cmake_link_script CMakeFiles/cmTC_8da04.dir/link.txt --verbose=1
/Applications/Xcode.app/Contents/Developer/Toolchains/XcodeDefault.xctoolchain/usr/bin/cc    -Wl,-search_paths_first -Wl,-headerpad_max_install_names   CMakeFiles/cmTC_8da04.dir/feature_tests.c.o  -o cmTC_8da04  


    Feature record: C_FEATURE:1c_function_prototypes
    Feature record: C_FEATURE:1c_restrict
    Feature record: C_FEATURE:1c_static_assert
    Feature record: C_FEATURE:1c_variadic_macros


Detecting C [-std=c99] compiler features compiled with the following output:
Change Dir: /Users/denysmelnychenko/Documents/C++/MOOP/atm/atm/lib/CMakeFiles/CMakeTmp

Run Build Command:"/usr/bin/make" "cmTC_9db10/fast"
/Applications/Xcode.app/Contents/Developer/usr/bin/make -f CMakeFiles/cmTC_9db10.dir/build.make CMakeFiles/cmTC_9db10.dir/build
Building C object CMakeFiles/cmTC_9db10.dir/feature_tests.c.o
/Applications/Xcode.app/Contents/Developer/Toolchains/XcodeDefault.xctoolchain/usr/bin/cc    -std=c99 -o CMakeFiles/cmTC_9db10.dir/feature_tests.c.o   -c /Users/denysmelnychenko/Documents/C++/MOOP/atm/atm/lib/CMakeFiles/feature_tests.c
Linking C executable cmTC_9db10
/opt/local/bin/cmake -E cmake_link_script CMakeFiles/cmTC_9db10.dir/link.txt --verbose=1
/Applications/Xcode.app/Contents/Developer/Toolchains/XcodeDefault.xctoolchain/usr/bin/cc    -Wl,-search_paths_first -Wl,-headerpad_max_install_names   CMakeFiles/cmTC_9db10.dir/feature_tests.c.o  -o cmTC_9db10  


    Feature record: C_FEATURE:1c_function_prototypes
    Feature record: C_FEATURE:1c_restrict
    Feature record: C_FEATURE:0c_static_assert
    Feature record: C_FEATURE:1c_variadic_macros


Detecting C [-std=c90] compiler features compiled with the following output:
Change Dir: /Users/denysmelnychenko/Documents/C++/MOOP/atm/atm/lib/CMakeFiles/CMakeTmp

Run Build Command:"/usr/bin/make" "cmTC_1f5f8/fast"
/Applications/Xcode.app/Contents/Developer/usr/bin/make -f CMakeFiles/cmTC_1f5f8.dir/build.make CMakeFiles/cmTC_1f5f8.dir/build
Building C object CMakeFiles/cmTC_1f5f8.dir/feature_tests.c.o
/Applications/Xcode.app/Contents/Developer/Toolchains/XcodeDefault.xctoolchain/usr/bin/cc    -std=c90 -o CMakeFiles/cmTC_1f5f8.dir/feature_tests.c.o   -c /Users/denysmelnychenko/Documents/C++/MOOP/atm/atm/lib/CMakeFiles/feature_tests.c
Linking C executable cmTC_1f5f8
/opt/local/bin/cmake -E cmake_link_script CMakeFiles/cmTC_1f5f8.dir/link.txt --verbose=1
/Applications/Xcode.app/Contents/Developer/Toolchains/XcodeDefault.xctoolchain/usr/bin/cc    -Wl,-search_paths_first -Wl,-headerpad_max_install_names   CMakeFiles/cmTC_1f5f8.dir/feature_tests.c.o  -o cmTC_1f5f8  


    Feature record: C_FEATURE:1c_function_prototypes
    Feature record: C_FEATURE:0c_restrict
    Feature record: C_FEATURE:0c_static_assert
    Feature record: C_FEATURE:0c_variadic_macros
Determining if the CXX compiler works passed with the following output:
Change Dir: /Users/denysmelnychenko/Documents/C++/MOOP/atm/atm/lib/CMakeFiles/CMakeTmp

Run Build Command:"/usr/bin/make" "cmTC_90ffd/fast"
/Applications/Xcode.app/Contents/Developer/usr/bin/make -f CMakeFiles/cmTC_90ffd.dir/build.make CMakeFiles/cmTC_90ffd.dir/build
Building CXX object CMakeFiles/cmTC_90ffd.dir/testCXXCompiler.cxx.o
/Applications/Xcode.app/Contents/Developer/Toolchains/XcodeDefault.xctoolchain/usr/bin/c++      -o CMakeFiles/cmTC_90ffd.dir/testCXXCompiler.cxx.o -c /Users/denysmelnychenko/Documents/C++/MOOP/atm/atm/lib/CMakeFiles/CMakeTmp/testCXXCompiler.cxx
Linking CXX executable cmTC_90ffd
/opt/local/bin/cmake -E cmake_link_script CMakeFiles/cmTC_90ffd.dir/link.txt --verbose=1
/Applications/Xcode.app/Contents/Developer/Toolchains/XcodeDefault.xctoolchain/usr/bin/c++     -Wl,-search_paths_first -Wl,-headerpad_max_install_names   CMakeFiles/cmTC_90ffd.dir/testCXXCompiler.cxx.o  -o cmTC_90ffd  


Detecting CXX compiler ABI info compiled with the following output:
Change Dir: /Users/denysmelnychenko/Documents/C++/MOOP/atm/atm/lib/CMakeFiles/CMakeTmp

Run Build Command:"/usr/bin/make" "cmTC_61dc1/fast"
/Applications/Xcode.app/Contents/Developer/usr/bin/make -f CMakeFiles/cmTC_61dc1.dir/build.make CMakeFiles/cmTC_61dc1.dir/build
Building CXX object CMakeFiles/cmTC_61dc1.dir/CMakeCXXCompilerABI.cpp.o
/Applications/Xcode.app/Contents/Developer/Toolchains/XcodeDefault.xctoolchain/usr/bin/c++      -o CMakeFiles/cmTC_61dc1.dir/CMakeCXXCompilerABI.cpp.o -c /opt/local/share/cmake-3.7/Modules/CMakeCXXCompilerABI.cpp
Linking CXX executable cmTC_61dc1
/opt/local/bin/cmake -E cmake_link_script CMakeFiles/cmTC_61dc1.dir/link.txt --verbose=1
/Applications/Xcode.app/Contents/Developer/Toolchains/XcodeDefault.xctoolchain/usr/bin/c++     -Wl,-search_paths_first -Wl,-headerpad_max_install_names  -v -Wl,-v CMakeFiles/cmTC_61dc1.dir/CMakeCXXCompilerABI.cpp.o  -o cmTC_61dc1   
Apple LLVM version 9.0.0 (clang-900.0.38)
Target: x86_64-apple-darwin16.7.0
Thread model: posix
InstalledDir: /Applications/Xcode.app/Contents/Developer/Toolchains/XcodeDefault.xctoolchain/usr/bin
 "/Applications/Xcode.app/Contents/Developer/Toolchains/XcodeDefault.xctoolchain/usr/bin/ld" -demangle -lto_library /Applications/Xcode.app/Contents/Developer/Toolchains/XcodeDefault.xctoolchain/usr/lib/libLTO.dylib -dynamic -arch x86_64 -macosx_version_min 10.12.0 -o cmTC_61dc1 -search_paths_first -headerpad_max_install_names -v CMakeFiles/cmTC_61dc1.dir/CMakeCXXCompilerABI.cpp.o -lc++ -lSystem /Applications/Xcode.app/Contents/Developer/Toolchains/XcodeDefault.xctoolchain/usr/lib/clang/9.0.0/lib/darwin/libclang_rt.osx.a
@(#)PROGRAM:ld  PROJECT:ld64-302.3
configured to support archs: armv6 armv7 armv7s arm64 i386 x86_64 x86_64h armv6m armv7k armv7m armv7em (tvOS)
Library search paths:
	/usr/lib
	/usr/local/lib
Framework search paths:
	/Library/Frameworks/
	/System/Library/Frameworks/


Parsed CXX implicit link information from above output:
  link line regex: [^( *|.*[/\])(ld|([^/\]+-)?ld|collect2)[^/\]*( |$)]
  ignore line: [Change Dir: /Users/denysmelnychenko/Documents/C++/MOOP/atm/atm/lib/CMakeFiles/CMakeTmp]
  ignore line: []
  ignore line: [Run Build Command:"/usr/bin/make" "cmTC_61dc1/fast"]
  ignore line: [/Applications/Xcode.app/Contents/Developer/usr/bin/make -f CMakeFiles/cmTC_61dc1.dir/build.make CMakeFiles/cmTC_61dc1.dir/build]
  ignore line: [Building CXX object CMakeFiles/cmTC_61dc1.dir/CMakeCXXCompilerABI.cpp.o]
  ignore line: [/Applications/Xcode.app/Contents/Developer/Toolchains/XcodeDefault.xctoolchain/usr/bin/c++      -o CMakeFiles/cmTC_61dc1.dir/CMakeCXXCompilerABI.cpp.o -c /opt/local/share/cmake-3.7/Modules/CMakeCXXCompilerABI.cpp]
  ignore line: [Linking CXX executable cmTC_61dc1]
  ignore line: [/opt/local/bin/cmake -E cmake_link_script CMakeFiles/cmTC_61dc1.dir/link.txt --verbose=1]
  ignore line: [/Applications/Xcode.app/Contents/Developer/Toolchains/XcodeDefault.xctoolchain/usr/bin/c++     -Wl,-search_paths_first -Wl,-headerpad_max_install_names  -v -Wl,-v CMakeFiles/cmTC_61dc1.dir/CMakeCXXCompilerABI.cpp.o  -o cmTC_61dc1   ]
  ignore line: [Apple LLVM version 9.0.0 (clang-900.0.38)]
  ignore line: [Target: x86_64-apple-darwin16.7.0]
  ignore line: [Thread model: posix]
  ignore line: [InstalledDir: /Applications/Xcode.app/Contents/Developer/Toolchains/XcodeDefault.xctoolchain/usr/bin]
  link line: [ "/Applications/Xcode.app/Contents/Developer/Toolchains/XcodeDefault.xctoolchain/usr/bin/ld" -demangle -lto_library /Applications/Xcode.app/Contents/Developer/Toolchains/XcodeDefault.xctoolchain/usr/lib/libLTO.dylib -dynamic -arch x86_64 -macosx_version_min 10.12.0 -o cmTC_61dc1 -search_paths_first -headerpad_max_install_names -v CMakeFiles/cmTC_61dc1.dir/CMakeCXXCompilerABI.cpp.o -lc++ -lSystem /Applications/Xcode.app/Contents/Developer/Toolchains/XcodeDefault.xctoolchain/usr/lib/clang/9.0.0/lib/darwin/libclang_rt.osx.a]
    arg [/Applications/Xcode.app/Contents/Developer/Toolchains/XcodeDefault.xctoolchain/usr/bin/ld] ==> ignore
    arg [-demangle] ==> ignore
    arg [-lto_library] ==> lib [to_library]
    arg [/Applications/Xcode.app/Contents/Developer/Toolchains/XcodeDefault.xctoolchain/usr/lib/libLTO.dylib] ==> ignore
    arg [-dynamic] ==> ignore
    arg [-arch] ==> ignore
    arg [x86_64] ==> ignore
    arg [-macosx_version_min] ==> ignore
    arg [10.12.0] ==> ignore
    arg [-o] ==> ignore
    arg [cmTC_61dc1] ==> ignore
    arg [-search_paths_first] ==> ignore
    arg [-headerpad_max_install_names] ==> ignore
    arg [-v] ==> ignore
    arg [CMakeFiles/cmTC_61dc1.dir/CMakeCXXCompilerABI.cpp.o] ==> ignore
    arg [-lc++] ==> lib [c++]
    arg [-lSystem] ==> lib [System]
    arg [/Applications/Xcode.app/Contents/Developer/Toolchains/XcodeDefault.xctoolchain/usr/lib/clang/9.0.0/lib/darwin/libclang_rt.osx.a] ==> lib [/Applications/Xcode.app/Contents/Developer/Toolchains/XcodeDefault.xctoolchain/usr/lib/clang/9.0.0/lib/darwin/libclang_rt.osx.a]
  Library search paths: [;/usr/lib;/usr/local/lib]
  Framework search paths: [;/Library/Frameworks/;/System/Library/Frameworks/]
  remove lib [System]
  remove lib [/Applications/Xcode.app/Contents/Developer/Toolchains/XcodeDefault.xctoolchain/usr/lib/clang/9.0.0/lib/darwin/libclang_rt.osx.a]
  collapse library dir [/usr/lib] ==> [/usr/lib]
  collapse library dir [/usr/local/lib] ==> [/usr/local/lib]
  collapse framework dir [/Library/Frameworks/] ==> [/Library/Frameworks]
  collapse framework dir [/System/Library/Frameworks/] ==> [/System/Library/Frameworks]
  implicit libs: [to_library;c++]
  implicit dirs: [/usr/lib;/usr/local/lib]
  implicit fwks: [/Library/Frameworks;/System/Library/Frameworks]




Detecting CXX [-std=c++14] compiler features compiled with the following output:
Change Dir: /Users/denysmelnychenko/Documents/C++/MOOP/atm/atm/lib/CMakeFiles/CMakeTmp

Run Build Command:"/usr/bin/make" "cmTC_428dd/fast"
/Applications/Xcode.app/Contents/Developer/usr/bin/make -f CMakeFiles/cmTC_428dd.dir/build.make CMakeFiles/cmTC_428dd.dir/build
Building CXX object CMakeFiles/cmTC_428dd.dir/feature_tests.cxx.o
/Applications/Xcode.app/Contents/Developer/Toolchains/XcodeDefault.xctoolchain/usr/bin/c++     -std=c++14 -o CMakeFiles/cmTC_428dd.dir/feature_tests.cxx.o -c /Users/denysmelnychenko/Documents/C++/MOOP/atm/atm/lib/CMakeFiles/feature_tests.cxx
Linking CXX executable cmTC_428dd
/opt/local/bin/cmake -E cmake_link_script CMakeFiles/cmTC_428dd.dir/link.txt --verbose=1
/Applications/Xcode.app/Contents/Developer/Toolchains/XcodeDefault.xctoolchain/usr/bin/c++     -Wl,-search_paths_first -Wl,-headerpad_max_install_names   CMakeFiles/cmTC_428dd.dir/feature_tests.cxx.o  -o cmTC_428dd  


    Feature record: CXX_FEATURE:1cxx_aggregate_default_initializers
    Feature record: CXX_FEATURE:1cxx_alias_templates
    Feature record: CXX_FEATURE:1cxx_alignas
    Feature record: CXX_FEATURE:1cxx_alignof
    Feature record: CXX_FEATURE:1cxx_attributes
    Feature record: CXX_FEATURE:1cxx_attribute_deprecated
    Feature record: CXX_FEATURE:1cxx_auto_type
    Feature record: CXX_FEATURE:1cxx_binary_literals
    Feature record: CXX_FEATURE:1cxx_constexpr
    Feature record: CXX_FEATURE:1cxx_contextual_conversions
    Feature record: CXX_FEATURE:1cxx_decltype
    Feature record: CXX_FEATURE:1cxx_decltype_auto
    Feature record: CXX_FEATURE:1cxx_decltype_incomplete_return_types
    Feature record: CXX_FEATURE:1cxx_default_function_template_args
    Feature record: CXX_FEATURE:1cxx_defaulted_functions
    Feature record: CXX_FEATURE:1cxx_defaulted_move_initializers
    Feature record: CXX_FEATURE:1cxx_delegating_constructors
    Feature record: CXX_FEATURE:1cxx_deleted_functions
    Feature record: CXX_FEATURE:1cxx_digit_separators
    Feature record: CXX_FEATURE:1cxx_enum_forward_declarations
    Feature record: CXX_FEATURE:1cxx_explicit_conversions
    Feature record: CXX_FEATURE:1cxx_extended_friend_declarations
    Feature record: CXX_FEATURE:1cxx_extern_templates
    Feature record: CXX_FEATURE:1cxx_final
    Feature record: CXX_FEATURE:1cxx_func_identifier
    Feature record: CXX_FEATURE:1cxx_generalized_initializers
    Feature record: CXX_FEATURE:1cxx_generic_lambdas
    Feature record: CXX_FEATURE:1cxx_inheriting_constructors
    Feature record: CXX_FEATURE:1cxx_inline_namespaces
    Feature record: CXX_FEATURE:1cxx_lambdas
    Feature record: CXX_FEATURE:1cxx_lambda_init_captures
    Feature record: CXX_FEATURE:1cxx_local_type_template_args
    Feature record: CXX_FEATURE:1cxx_long_long_type
    Feature record: CXX_FEATURE:1cxx_noexcept
    Feature record: CXX_FEATURE:1cxx_nonstatic_member_init
    Feature record: CXX_FEATURE:1cxx_nullptr
    Feature record: CXX_FEATURE:1cxx_override
    Feature record: CXX_FEATURE:1cxx_range_for
    Feature record: CXX_FEATURE:1cxx_raw_string_literals
    Feature record: CXX_FEATURE:1cxx_reference_qualified_functions
    Feature record: CXX_FEATURE:1cxx_relaxed_constexpr
    Feature record: CXX_FEATURE:1cxx_return_type_deduction
    Feature record: CXX_FEATURE:1cxx_right_angle_brackets
    Feature record: CXX_FEATURE:1cxx_rvalue_references
    Feature record: CXX_FEATURE:1cxx_sizeof_member
    Feature record: CXX_FEATURE:1cxx_static_assert
    Feature record: CXX_FEATURE:1cxx_strong_enums
    Feature record: CXX_FEATURE:1cxx_template_template_parameters
    Feature record: CXX_FEATURE:1cxx_thread_local
    Feature record: CXX_FEATURE:1cxx_trailing_return_types
    Feature record: CXX_FEATURE:1cxx_unicode_literals
    Feature record: CXX_FEATURE:1cxx_uniform_initialization
    Feature record: CXX_FEATURE:1cxx_unrestricted_unions
    Feature record: CXX_FEATURE:1cxx_user_literals
    Feature record: CXX_FEATURE:1cxx_variable_templates
    Feature record: CXX_FEATURE:1cxx_variadic_macros
    Feature record: CXX_FEATURE:1cxx_variadic_templates


Detecting CXX [-std=c++11] compiler features compiled with the following output:
Change Dir: /Users/denysmelnychenko/Documents/C++/MOOP/atm/atm/lib/CMakeFiles/CMakeTmp

Run Build Command:"/usr/bin/make" "cmTC_cb913/fast"
/Applications/Xcode.app/Contents/Developer/usr/bin/make -f CMakeFiles/cmTC_cb913.dir/build.make CMakeFiles/cmTC_cb913.dir/build
Building CXX object CMakeFiles/cmTC_cb913.dir/feature_tests.cxx.o
/Applications/Xcode.app/Contents/Developer/Toolchains/XcodeDefault.xctoolchain/usr/bin/c++     -std=c++11 -o CMakeFiles/cmTC_cb913.dir/feature_tests.cxx.o -c /Users/denysmelnychenko/Documents/C++/MOOP/atm/atm/lib/CMakeFiles/feature_tests.cxx
Linking CXX executable cmTC_cb913
/opt/local/bin/cmake -E cmake_link_script CMakeFiles/cmTC_cb913.dir/link.txt --verbose=1
/Applications/Xcode.app/Contents/Developer/Toolchains/XcodeDefault.xctoolchain/usr/bin/c++     -Wl,-search_paths_first -Wl,-headerpad_max_install_names   CMakeFiles/cmTC_cb913.dir/feature_tests.cxx.o  -o cmTC_cb913  


    Feature record: CXX_FEATURE:0cxx_aggregate_default_initializers
    Feature record: CXX_FEATURE:1cxx_alias_templates
    Feature record: CXX_FEATURE:1cxx_alignas
    Feature record: CXX_FEATURE:1cxx_alignof
    Feature record: CXX_FEATURE:1cxx_attributes
    Feature record: CXX_FEATURE:0cxx_attribute_deprecated
    Feature record: CXX_FEATURE:1cxx_auto_type
    Feature record: CXX_FEATURE:0cxx_binary_literals
    Feature record: CXX_FEATURE:1cxx_constexpr
    Feature record: CXX_FEATURE:0cxx_contextual_conversions
    Feature record: CXX_FEATURE:1cxx_decltype
    Feature record: CXX_FEATURE:0cxx_decltype_auto
    Feature record: CXX_FEATURE:1cxx_decltype_incomplete_return_types
    Feature record: CXX_FEATURE:1cxx_default_function_template_args
    Feature record: CXX_FEATURE:1cxx_defaulted_functions
    Feature record: CXX_FEATURE:1cxx_defaulted_move_initializers
    Feature record: CXX_FEATURE:1cxx_delegating_constructors
    Feature record: CXX_FEATURE:1cxx_deleted_functions
    Feature record: CXX_FEATURE:0cxx_digit_separators
    Feature record: CXX_FEATURE:1cxx_enum_forward_declarations
    Feature record: CXX_FEATURE:1cxx_explicit_conversions
    Feature record: CXX_FEATURE:1cxx_extended_friend_declarations
    Feature record: CXX_FEATURE:1cxx_extern_templates
    Feature record: CXX_FEATURE:1cxx_final
    Feature record: CXX_FEATURE:1cxx_func_identifier
    Feature record: CXX_FEATURE:1cxx_generalized_initializers
    Feature record: CXX_FEATURE:0cxx_generic_lambdas
    Feature record: CXX_FEATURE:1cxx_inheriting_constructors
    Feature record: CXX_FEATURE:1cxx_inline_namespaces
    Feature record: CXX_FEATURE:1cxx_lambdas
    Feature record: CXX_FEATURE:0cxx_lambda_init_captures
    Feature record: CXX_FEATURE:1cxx_local_type_template_args
    Feature record: CXX_FEATURE:1cxx_long_long_type
    Feature record: CXX_FEATURE:1cxx_noexcept
    Feature record: CXX_FEATURE:1cxx_nonstatic_member_init
    Feature record: CXX_FEATURE:1cxx_nullptr
    Feature record: CXX_FEATURE:1cxx_override
    Feature record: CXX_FEATURE:1cxx_range_for
    Feature record: CXX_FEATURE:1cxx_raw_string_literals
    Feature record: CXX_FEATURE:1cxx_reference_qualified_functions
    Feature record: CXX_FEATURE:0cxx_relaxed_constexpr
    Feature record: CXX_FEATURE:0cxx_return_type_deduction
    Feature record: CXX_FEATURE:1cxx_right_angle_brackets
    Feature record: CXX_FEATURE:1cxx_rvalue_references
    Feature record: CXX_FEATURE:1cxx_sizeof_member
    Feature record: CXX_FEATURE:1cxx_static_assert
    Feature record: CXX_FEATURE:1cxx_strong_enums
    Feature record: CXX_FEATURE:1cxx_template_template_parameters
    Feature record: CXX_FEATURE:1cxx_thread_local
    Feature record: CXX_FEATURE:1cxx_trailing_return_types
    Feature record: CXX_FEATURE:1cxx_unicode_literals
    Feature record: CXX_FEATURE:1cxx_uniform_initialization
    Feature record: CXX_FEATURE:1cxx_unrestricted_unions
    Feature record: CXX_FEATURE:1cxx_user_literals
    Feature record: CXX_FEATURE:0cxx_variable_templates
    Feature record: CXX_FEATURE:1cxx_variadic_macros
    Feature record: CXX_FEATURE:1cxx_variadic_templates


Detecting CXX [-std=c++98] compiler features compiled with the following output:
Change Dir: /Users/denysmelnychenko/Documents/C++/MOOP/atm/atm/lib/CMakeFiles/CMakeTmp

Run Build Command:"/usr/bin/make" "cmTC_0d421/fast"
/Applications/Xcode.app/Contents/Developer/usr/bin/make -f CMakeFiles/cmTC_0d421.dir/build.make CMakeFiles/cmTC_0d421.dir/build
Building CXX object CMakeFiles/cmTC_0d421.dir/feature_tests.cxx.o
/Applications/Xcode.app/Contents/Developer/Toolchains/XcodeDefault.xctoolchain/usr/bin/c++     -std=c++98 -o CMakeFiles/cmTC_0d421.dir/feature_tests.cxx.o -c /Users/denysmelnychenko/Documents/C++/MOOP/atm/atm/lib/CMakeFiles/feature_tests.cxx
Linking CXX executable cmTC_0d421
/opt/local/bin/cmake -E cmake_link_script CMakeFiles/cmTC_0d421.dir/link.txt --verbose=1
/Applications/Xcode.app/Contents/Developer/Toolchains/XcodeDefault.xctoolchain/usr/bin/c++     -Wl,-search_paths_first -Wl,-headerpad_max_install_names   CMakeFiles/cmTC_0d421.dir/feature_tests.cxx.o  -o cmTC_0d421  


    Feature record: CXX_FEATURE:0cxx_aggregate_default_initializers
    Feature record: CXX_FEATURE:0cxx_alias_templates
    Feature record: CXX_FEATURE:0cxx_alignas
    Feature record: CXX_FEATURE:0cxx_alignof
    Feature record: CXX_FEATURE:0cxx_attributes
    Feature record: CXX_FEATURE:0cxx_attribute_deprecated
    Feature record: CXX_FEATURE:0cxx_auto_type
    Feature record: CXX_FEATURE:0cxx_binary_literals
    Feature record: CXX_FEATURE:0cxx_constexpr
    Feature record: CXX_FEATURE:0cxx_contextual_conversions
    Feature record: CXX_FEATURE:0cxx_decltype
    Feature record: CXX_FEATURE:0cxx_decltype_auto
    Feature record: CXX_FEATURE:0cxx_decltype_incomplete_return_types
    Feature record: CXX_FEATURE:0cxx_default_function_template_args
    Feature record: CXX_FEATURE:0cxx_defaulted_functions
    Feature record: CXX_FEATURE:0cxx_defaulted_move_initializers
    Feature record: CXX_FEATURE:0cxx_delegating_constructors
    Feature record: CXX_FEATURE:0cxx_deleted_functions
    Feature record: CXX_FEATURE:0cxx_digit_separators
    Feature record: CXX_FEATURE:0cxx_enum_forward_declarations
    Feature record: CXX_FEATURE:0cxx_explicit_conversions
    Feature record: CXX_FEATURE:0cxx_extended_friend_declarations
    Feature record: CXX_FEATURE:0cxx_extern_templates
    Feature record: CXX_FEATURE:0cxx_final
    Feature record: CXX_FEATURE:0cxx_func_identifier
    Feature record: CXX_FEATURE:0cxx_generalized_initializers
    Feature record: CXX_FEATURE:0cxx_generic_lambdas
    Feature record: CXX_FEATURE:0cxx_inheriting_constructors
    Feature record: CXX_FEATURE:0cxx_inline_namespaces
    Feature record: CXX_FEATURE:0cxx_lambdas
    Feature record: CXX_FEATURE:0cxx_lambda_init_captures
    Feature record: CXX_FEATURE:0cxx_local_type_template_args
    Feature record: CXX_FEATURE:0cxx_long_long_type
    Feature record: CXX_FEATURE:0cxx_noexcept
    Feature record: CXX_FEATURE:0cxx_nonstatic_member_init
    Feature record: CXX_FEATURE:0cxx_nullptr
    Feature record: CXX_FEATURE:0cxx_override
    Feature record: CXX_FEATURE:0cxx_range_for
    Feature record: CXX_FEATURE:0cxx_raw_string_literals
    Feature record: CXX_FEATURE:0cxx_reference_qualified_functions
    Feature record: CXX_FEATURE:0cxx_relaxed_constexpr
    Feature record: CXX_FEATURE:0cxx_return_type_deduction
    Feature record: CXX_FEATURE:0cxx_right_angle_brackets
    Feature record: CXX_FEATURE:0cxx_rvalue_references
    Feature record: CXX_FEATURE:0cxx_sizeof_member
    Feature record: CXX_FEATURE:0cxx_static_assert
    Feature record: CXX_FEATURE:0cxx_strong_enums
    Feature record: CXX_FEATURE:1cxx_template_template_parameters
    Feature record: CXX_FEATURE:0cxx_thread_local
    Feature record: CXX_FEATURE:0cxx_trailing_return_types
    Feature record: CXX_FEATURE:0cxx_unicode_literals
    Feature record: CXX_FEATURE:0cxx_uniform_initialization
    Feature record: CXX_FEATURE:0cxx_unrestricted_unions
    Feature record: CXX_FEATURE:0cxx_user_literals
    Feature record: CXX_FEATURE:0cxx_variable_templates
    Feature record: CXX_FEATURE:0cxx_variadic_macros
    Feature record: CXX_FEATURE:0cxx_variadic_templates
Performing C++ SOURCE FILE Test HAVE_STD_CPP11_FLAG succeeded with the following output:
Change Dir: /Users/denysmelnychenko/Documents/C++/MOOP/atm/atm/lib/CMakeFiles/CMakeTmp

Run Build Command:"/usr/bin/make" "cmTC_4af31/fast"
/Applications/Xcode.app/Contents/Developer/usr/bin/make -f CMakeFiles/cmTC_4af31.dir/build.make CMakeFiles/cmTC_4af31.dir/build
Building CXX object CMakeFiles/cmTC_4af31.dir/src.cxx.o
/Applications/Xcode.app/Contents/Developer/Toolchains/XcodeDefault.xctoolchain/usr/bin/c++     -DHAVE_STD_CPP11_FLAG   -std=c++11 -o CMakeFiles/cmTC_4af31.dir/src.cxx.o -c /Users/denysmelnychenko/Documents/C++/MOOP/atm/atm/lib/CMakeFiles/CMakeTmp/src.cxx
Linking CXX executable cmTC_4af31
/opt/local/bin/cmake -E cmake_link_script CMakeFiles/cmTC_4af31.dir/link.txt --verbose=1
/Applications/Xcode.app/Contents/Developer/Toolchains/XcodeDefault.xctoolchain/usr/bin/c++    -DHAVE_STD_CPP11_FLAG -Wl,-search_paths_first -Wl,-headerpad_max_install_names   CMakeFiles/cmTC_4af31.dir/src.cxx.o  -o cmTC_4af31  

Source file was:
int main() { return 0; }
Performing C++ SOURCE FILE Test FMT_CPP11_CMATH succeeded with the following output:
Change Dir: /Users/denysmelnychenko/Documents/C++/MOOP/atm/atm/lib/CMakeFiles/CMakeTmp

Run Build Command:"/usr/bin/make" "cmTC_1da4d/fast"
/Applications/Xcode.app/Contents/Developer/usr/bin/make -f CMakeFiles/cmTC_1da4d.dir/build.make CMakeFiles/cmTC_1da4d.dir/build
Building CXX object CMakeFiles/cmTC_1da4d.dir/src.cxx.o
/Applications/Xcode.app/Contents/Developer/Toolchains/XcodeDefault.xctoolchain/usr/bin/c++     -DFMT_CPP11_CMATH -std=c++11 -O3   -o CMakeFiles/cmTC_1da4d.dir/src.cxx.o -c /Users/denysmelnychenko/Documents/C++/MOOP/atm/atm/lib/CMakeFiles/CMakeTmp/src.cxx
Linking CXX executable cmTC_1da4d
/opt/local/bin/cmake -E cmake_link_script CMakeFiles/cmTC_1da4d.dir/link.txt --verbose=1
/Applications/Xcode.app/Contents/Developer/Toolchains/XcodeDefault.xctoolchain/usr/bin/c++    -DFMT_CPP11_CMATH -std=c++11 -O3 -Wl,-search_paths_first -Wl,-headerpad_max_install_names   CMakeFiles/cmTC_1da4d.dir/src.cxx.o  -o cmTC_1da4d  

Source file was:

      #include <cmath>
      int main() {}
Performing C++ SOURCE FILE Test FMT_CPP11_UNISTD_H succeeded with the following output:
Change Dir: /Users/denysmelnychenko/Documents/C++/MOOP/atm/atm/lib/CMakeFiles/CMakeTmp

Run Build Command:"/usr/bin/make" "cmTC_6ca03/fast"
/Applications/Xcode.app/Contents/Developer/usr/bin/make -f CMakeFiles/cmTC_6ca03.dir/build.make CMakeFiles/cmTC_6ca03.dir/build
Building CXX object CMakeFiles/cmTC_6ca03.dir/src.cxx.o
/Applications/Xcode.app/Contents/Developer/Toolchains/XcodeDefault.xctoolchain/usr/bin/c++     -DFMT_CPP11_UNISTD_H -std=c++11 -O3   -o CMakeFiles/cmTC_6ca03.dir/src.cxx.o -c /Users/denysmelnychenko/Documents/C++/MOOP/atm/atm/lib/CMakeFiles/CMakeTmp/src.cxx
Linking CXX executable cmTC_6ca03
/opt/local/bin/cmake -E cmake_link_script CMakeFiles/cmTC_6ca03.dir/link.txt --verbose=1
/Applications/Xcode.app/Contents/Developer/Toolchains/XcodeDefault.xctoolchain/usr/bin/c++    -DFMT_CPP11_UNISTD_H -std=c++11 -O3 -Wl,-search_paths_first -Wl,-headerpad_max_install_names   CMakeFiles/cmTC_6ca03.dir/src.cxx.o  -o cmTC_6ca03  

Source file was:

      #include <unistd.h>
      int main() {}
Performing C++ SOURCE FILE Test FMT_CPP11_SNPRINTF succeeded with the following output:
Change Dir: /Users/denysmelnychenko/Documents/C++/MOOP/atm/atm/lib/CMakeFiles/CMakeTmp

Run Build Command:"/usr/bin/make" "cmTC_33e10/fast"
/Applications/Xcode.app/Contents/Developer/usr/bin/make -f CMakeFiles/cmTC_33e10.dir/build.make CMakeFiles/cmTC_33e10.dir/build
Building CXX object CMakeFiles/cmTC_33e10.dir/src.cxx.o
/Applications/Xcode.app/Contents/Developer/Toolchains/XcodeDefault.xctoolchain/usr/bin/c++     -DFMT_CPP11_SNPRINTF -std=c++11 -O3   -o CMakeFiles/cmTC_33e10.dir/src.cxx.o -c /Users/denysmelnychenko/Documents/C++/MOOP/atm/atm/lib/CMakeFiles/CMakeTmp/src.cxx
Linking CXX executable cmTC_33e10
/opt/local/bin/cmake -E cmake_link_script CMakeFiles/cmTC_33e10.dir/link.txt --verbose=1
/Applications/Xcode.app/Contents/Developer/Toolchains/XcodeDefault.xctoolchain/usr/bin/c++    -DFMT_CPP11_SNPRINTF -std=c++11 -O3 -Wl,-search_paths_first -Wl,-headerpad_max_install_names   CMakeFiles/cmTC_33e10.dir/src.cxx.o  -o cmTC_33e10  

Source file was:

      #include <stdio.h>
      int main() {
        char buffer[10];
        snprintf(buffer, 10, "foo");
      }
Performing C++ SOURCE FILE Test SUPPORTS_VARIADIC_TEMPLATES succeeded with the following output:
Change Dir: /Users/denysmelnychenko/Documents/C++/MOOP/atm/atm/lib/CMakeFiles/CMakeTmp

Run Build Command:"/usr/bin/make" "cmTC_35b49/fast"
/Applications/Xcode.app/Contents/Developer/usr/bin/make -f CMakeFiles/cmTC_35b49.dir/build.make CMakeFiles/cmTC_35b49.dir/build
Building CXX object CMakeFiles/cmTC_35b49.dir/src.cxx.o
/Applications/Xcode.app/Contents/Developer/Toolchains/XcodeDefault.xctoolchain/usr/bin/c++     -DSUPPORTS_VARIADIC_TEMPLATES -std=c++11   -o CMakeFiles/cmTC_35b49.dir/src.cxx.o -c /Users/denysmelnychenko/Documents/C++/MOOP/atm/atm/lib/CMakeFiles/CMakeTmp/src.cxx
Linking CXX executable cmTC_35b49
/opt/local/bin/cmake -E cmake_link_script CMakeFiles/cmTC_35b49.dir/link.txt --verbose=1
/Applications/Xcode.app/Contents/Developer/Toolchains/XcodeDefault.xctoolchain/usr/bin/c++    -DSUPPORTS_VARIADIC_TEMPLATES -std=c++11 -Wl,-search_paths_first -Wl,-headerpad_max_install_names   CMakeFiles/cmTC_35b49.dir/src.cxx.o  -o cmTC_35b49  

Source file was:

  template <class T, class ...Types>
  struct S { typedef typename S<Types...>::type type; };
  int main() {}
Performing C++ SOURCE FILE Test SUPPORTS_INITIALIZER_LIST succeeded with the following output:
Change Dir: /Users/denysmelnychenko/Documents/C++/MOOP/atm/atm/lib/CMakeFiles/CMakeTmp

Run Build Command:"/usr/bin/make" "cmTC_e3b0c/fast"
/Applications/Xcode.app/Contents/Developer/usr/bin/make -f CMakeFiles/cmTC_e3b0c.dir/build.make CMakeFiles/cmTC_e3b0c.dir/build
Building CXX object CMakeFiles/cmTC_e3b0c.dir/src.cxx.o
/Applications/Xcode.app/Contents/Developer/Toolchains/XcodeDefault.xctoolchain/usr/bin/c++     -DSUPPORTS_INITIALIZER_LIST -std=c++11   -o CMakeFiles/cmTC_e3b0c.dir/src.cxx.o -c /Users/denysmelnychenko/Documents/C++/MOOP/atm/atm/lib/CMakeFiles/CMakeTmp/src.cxx
Linking CXX executable cmTC_e3b0c
/opt/local/bin/cmake -E cmake_link_script CMakeFiles/cmTC_e3b0c.dir/link.txt --verbose=1
/Applications/Xcode.app/Contents/Developer/Toolchains/XcodeDefault.xctoolchain/usr/bin/c++    -DSUPPORTS_INITIALIZER_LIST -std=c++11 -Wl,-search_paths_first -Wl,-headerpad_max_install_names   CMakeFiles/cmTC_e3b0c.dir/src.cxx.o  -o cmTC_e3b0c  

Source file was:

  #include <initializer_list>
  int main() {}
Performing C++ SOURCE FILE Test SUPPORTS_ENUM_BASE succeeded with the following output:
Change Dir: /Users/denysmelnychenko/Documents/C++/MOOP/atm/atm/lib/CMakeFiles/CMakeTmp

Run Build Command:"/usr/bin/make" "cmTC_39804/fast"
/Applications/Xcode.app/Contents/Developer/usr/bin/make -f CMakeFiles/cmTC_39804.dir/build.make CMakeFiles/cmTC_39804.dir/build
Building CXX object CMakeFiles/cmTC_39804.dir/src.cxx.o
/Applications/Xcode.app/Contents/Developer/Toolchains/XcodeDefault.xctoolchain/usr/bin/c++     -DSUPPORTS_ENUM_BASE -std=c++11   -o CMakeFiles/cmTC_39804.dir/src.cxx.o -c /Users/denysmelnychenko/Documents/C++/MOOP/atm/atm/lib/CMakeFiles/CMakeTmp/src.cxx
Linking CXX executable cmTC_39804
/opt/local/bin/cmake -E cmake_link_script CMakeFiles/cmTC_39804.dir/link.txt --verbose=1
/Applications/Xcode.app/Contents/Developer/Toolchains/XcodeDefault.xctoolchain/usr/bin/c++    -DSUPPORTS_ENUM_BASE -std=c++11 -Wl,-search_paths_first -Wl,-headerpad_max_install_names   CMakeFiles/cmTC_39804.dir/src.cxx.o  -o cmTC_39804  

Source file was:

  enum C : char {A};
  int main() {}
Performing C++ SOURCE FILE Test SUPPORTS_TYPE_TRAITS succeeded with the following output:
Change Dir: /Users/denysmelnychenko/Documents/C++/MOOP/atm/atm/lib/CMakeFiles/CMakeTmp

Run Build Command:"/usr/bin/make" "cmTC_f3cad/fast"
/Applications/Xcode.app/Contents/Developer/usr/bin/make -f CMakeFiles/cmTC_f3cad.dir/build.make CMakeFiles/cmTC_f3cad.dir/build
Building CXX object CMakeFiles/cmTC_f3cad.dir/src.cxx.o
/Applications/Xcode.app/Contents/Developer/Toolchains/XcodeDefault.xctoolchain/usr/bin/c++     -DSUPPORTS_TYPE_TRAITS -std=c++11   -o CMakeFiles/cmTC_f3cad.dir/src.cxx.o -c /Users/denysmelnychenko/Documents/C++/MOOP/atm/atm/lib/CMakeFiles/CMakeTmp/src.cxx
Linking CXX executable cmTC_f3cad
/opt/local/bin/cmake -E cmake_link_script CMakeFiles/cmTC_f3cad.dir/link.txt --verbose=1
/Applications/Xcode.app/Contents/Developer/Toolchains/XcodeDefault.xctoolchain/usr/bin/c++    -DSUPPORTS_TYPE_TRAITS -std=c++11 -Wl,-search_paths_first -Wl,-headerpad_max_install_names   CMakeFiles/cmTC_f3cad.dir/src.cxx.o  -o cmTC_f3cad  

Source file was:

  #include <type_traits>
  class C { void operator=(const C&); };
  int main() { static_assert(!std::is_copy_assignable<C>::value, ""); }
Performing C++ SOURCE FILE Test SUPPORTS_USER_DEFINED_LITERALS succeeded with the following output:
Change Dir: /Users/denysmelnychenko/Documents/C++/MOOP/atm/atm/lib/CMakeFiles/CMakeTmp

Run Build Command:"/usr/bin/make" "cmTC_587ac/fast"
/Applications/Xcode.app/Contents/Developer/usr/bin/make -f CMakeFiles/cmTC_587ac.dir/build.make CMakeFiles/cmTC_587ac.dir/build
Building CXX object CMakeFiles/cmTC_587ac.dir/src.cxx.o
/Applications/Xcode.app/Contents/Developer/Toolchains/XcodeDefault.xctoolchain/usr/bin/c++     -DSUPPORTS_USER_DEFINED_LITERALS -std=c++11   -o CMakeFiles/cmTC_587ac.dir/src.cxx.o -c /Users/denysmelnychenko/Documents/C++/MOOP/atm/atm/lib/CMakeFiles/CMakeTmp/src.cxx
Linking CXX executable cmTC_587ac
/opt/local/bin/cmake -E cmake_link_script CMakeFiles/cmTC_587ac.dir/link.txt --verbose=1
/Applications/Xcode.app/Contents/Developer/Toolchains/XcodeDefault.xctoolchain/usr/bin/c++    -DSUPPORTS_USER_DEFINED_LITERALS -std=c++11 -Wl,-search_paths_first -Wl,-headerpad_max_install_names   CMakeFiles/cmTC_587ac.dir/src.cxx.o  -o cmTC_587ac  

Source file was:

  void operator"" _udl(long double);
  int main() {}
Determining if the open exist passed with the following output:
Change Dir: /Users/denysmelnychenko/Documents/C++/MOOP/atm/atm/lib/CMakeFiles/CMakeTmp

Run Build Command:"/usr/bin/make" "cmTC_b0de5/fast"
/Applications/Xcode.app/Contents/Developer/usr/bin/make -f CMakeFiles/cmTC_b0de5.dir/build.make CMakeFiles/cmTC_b0de5.dir/build
Building C object CMakeFiles/cmTC_b0de5.dir/CheckSymbolExists.c.o
/Applications/Xcode.app/Contents/Developer/Toolchains/XcodeDefault.xctoolchain/usr/bin/cc     -o CMakeFiles/cmTC_b0de5.dir/CheckSymbolExists.c.o   -c /Users/denysmelnychenko/Documents/C++/MOOP/atm/atm/lib/CMakeFiles/CMakeTmp/CheckSymbolExists.c
Linking C executable cmTC_b0de5
/opt/local/bin/cmake -E cmake_link_script CMakeFiles/cmTC_b0de5.dir/link.txt --verbose=1
/Applications/Xcode.app/Contents/Developer/Toolchains/XcodeDefault.xctoolchain/usr/bin/cc    -Wl,-search_paths_first -Wl,-headerpad_max_install_names   CMakeFiles/cmTC_b0de5.dir/CheckSymbolExists.c.o  -o cmTC_b0de5  

File /Users/denysmelnychenko/Documents/C++/MOOP/atm/atm/lib/CMakeFiles/CMakeTmp/CheckSymbolExists.c:
/* */
#include <fcntl.h>

int main(int argc, char** argv)
{
  (void)argv;
#ifndef open
  return ((int*)(&open))[argc];
#else
  (void)argc;
  return 0;
#endif
}

Determining if the include file pthread.h exists passed with the following output:
Change Dir: /Users/denysmelnychenko/Documents/C++/MOOP/atm/atm/lib/CMakeFiles/CMakeTmp

Run Build Command:"/usr/bin/make" "cmTC_18d2d/fast"
/Applications/Xcode.app/Contents/Developer/usr/bin/make -f CMakeFiles/cmTC_18d2d.dir/build.make CMakeFiles/cmTC_18d2d.dir/build
Building C object CMakeFiles/cmTC_18d2d.dir/CheckIncludeFile.c.o
/Applications/Xcode.app/Contents/Developer/Toolchains/XcodeDefault.xctoolchain/usr/bin/cc     -o CMakeFiles/cmTC_18d2d.dir/CheckIncludeFile.c.o   -c /Users/denysmelnychenko/Documents/C++/MOOP/atm/atm/lib/CMakeFiles/CMakeTmp/CheckIncludeFile.c
Linking C executable cmTC_18d2d
/opt/local/bin/cmake -E cmake_link_script CMakeFiles/cmTC_18d2d.dir/link.txt --verbose=1
/Applications/Xcode.app/Contents/Developer/Toolchains/XcodeDefault.xctoolchain/usr/bin/cc    -Wl,-search_paths_first -Wl,-headerpad_max_install_names   CMakeFiles/cmTC_18d2d.dir/CheckIncludeFile.c.o  -o cmTC_18d2d  


Determining if the pthread_create exist passed with the following output:
Change Dir: /Users/denysmelnychenko/Documents/C++/MOOP/atm/atm/lib/CMakeFiles/CMakeTmp

Run Build Command:"/usr/bin/make" "cmTC_44578/fast"
/Applications/Xcode.app/Contents/Developer/usr/bin/make -f CMakeFiles/cmTC_44578.dir/build.make CMakeFiles/cmTC_44578.dir/build
Building C object CMakeFiles/cmTC_44578.dir/CheckSymbolExists.c.o
/Applications/Xcode.app/Contents/Developer/Toolchains/XcodeDefault.xctoolchain/usr/bin/cc     -o CMakeFiles/cmTC_44578.dir/CheckSymbolExists.c.o   -c /Users/denysmelnychenko/Documents/C++/MOOP/atm/atm/lib/CMakeFiles/CMakeTmp/CheckSymbolExists.c
Linking C executable cmTC_44578
/opt/local/bin/cmake -E cmake_link_script CMakeFiles/cmTC_44578.dir/link.txt --verbose=1
/Applications/Xcode.app/Contents/Developer/Toolchains/XcodeDefault.xctoolchain/usr/bin/cc    -Wl,-search_paths_first -Wl,-headerpad_max_install_names   CMakeFiles/cmTC_44578.dir/CheckSymbolExists.c.o  -o cmTC_44578  

File /Users/denysmelnychenko/Documents/C++/MOOP/atm/atm/lib/CMakeFiles/CMakeTmp/CheckSymbolExists.c:
/* */
#include <pthread.h>

int main(int argc, char** argv)
{
  (void)argv;
#ifndef pthread_create
  return ((int*)(&pthread_create))[argc];
#else
  (void)argc;
  return 0;
#endif
}

Performing C++ SOURCE FILE Test HAVE_FNO_EXCEPTIONS_FLAG succeeded with the following output:
Change Dir: /Users/denysmelnychenko/Documents/C++/MOOP/atm/atm/lib/CMakeFiles/CMakeTmp

Run Build Command:"/usr/bin/make" "cmTC_eee86/fast"
/Applications/Xcode.app/Contents/Developer/usr/bin/make -f CMakeFiles/cmTC_eee86.dir/build.make CMakeFiles/cmTC_eee86.dir/build
Building CXX object CMakeFiles/cmTC_eee86.dir/src.cxx.o
/Applications/Xcode.app/Contents/Developer/Toolchains/XcodeDefault.xctoolchain/usr/bin/c++     -DHAVE_FNO_EXCEPTIONS_FLAG   -fno-exceptions -o CMakeFiles/cmTC_eee86.dir/src.cxx.o -c /Users/denysmelnychenko/Documents/C++/MOOP/atm/atm/lib/CMakeFiles/CMakeTmp/src.cxx
Linking CXX executable cmTC_eee86
/opt/local/bin/cmake -E cmake_link_script CMakeFiles/cmTC_eee86.dir/link.txt --verbose=1
/Applications/Xcode.app/Contents/Developer/Toolchains/XcodeDefault.xctoolchain/usr/bin/c++    -DHAVE_FNO_EXCEPTIONS_FLAG -Wl,-search_paths_first -Wl,-headerpad_max_install_names   CMakeFiles/cmTC_eee86.dir/src.cxx.o  -o cmTC_eee86  

Source file was:
int main() { return 0; }
